<testsuites id="" name="" tests="1" failures="0" skipped="0" errors="0" time="3.8665289999991654">
<testsuite name="Chapter06\03_Dynamic_TypeSafety_Post_APIRequests.spec.ts" timestamp="2026-06-01T14:34:55.379Z" hostname="Google Chrome" tests="1" failures="0" skipped="0" time="1.593" errors="0">
<testcase name="Create TypeSafety POST API Request using dynamic api request body in playwright &amp; typescript" classname="Chapter06\03_Dynamic_TypeSafety_Post_APIRequests.spec.ts" time="1.593">
<system-out>
<![CDATA[POST API Response : {
  "bookingid": 2052,
  "booking": {
    "firstname": "Wendell",
    "lastname": "Bins",
    "totalprice": 1875,
    "depositpaid": true,
    "bookingdates": {
      "checkin": "2025-01-25",
      "checkout": "2025-01-27"
    },
    "additionalneeds": "breakfast"
  }
}
]]>
</system-out>
</testcase>
</testsuite>
</testsuites>